2020-07-26 10:13:41,371| ERROR 
违反了 PRIMARY KEY 约束“PK_SysRoleMenu”。不能在对象“dbo.SysRoleMenu”中插入重复键。重复键值为 (1)。
语句已终止。
【自定义错误】：违反了 PRIMARY KEY 约束“PK_SysRoleMenu”。不能在对象“dbo.SysRoleMenu”中插入重复键。重复键值为 (1)。
语句已终止。 
【异常类型】：SqlException 
【异常信息】：违反了 PRIMARY KEY 约束“PK_SysRoleMenu”。不能在对象“dbo.SysRoleMenu”中插入重复键。重复键值为 (1)。
语句已终止。 
【堆栈调用】：   at SqlSugar.AdoProvider.ExecuteCommandAsync(String sql, SugarParameter[] parameters)
   at SqlSugar.InsertableProvider`1.ExecuteCommandAsync()
   at Blog.Core.Repository.Base.BaseRepository`1.Add(List`1 listEntity) in G:\项目源码\2020-5\老张的哲学  Blog.Core\Blog.Core\Blog.Core.Repository\BASE\BaseRepository.cs:line 130
   at Blog.Core.Services.SysRoleMenuServices.SaveRoleMenus(List`1 modelList) in G:\项目源码\2020-5\老张的哲学  Blog.Core\Blog.Core\Blog.Core.Services\Sys\SysRoleMenuServices.cs:line 48
   at Blog.Core.Controllers.SysRoleMenuController.SaveRoleMenus(List`1 modelList) in G:\项目源码\2020-5\老张的哲学  Blog.Core\Blog.Core\Blog.Core.Api\Controllers\Sys\SysRoleMenuController.cs:line 36
   at lambda_method(Closure , Object )
   at Microsoft.Extensions.Internal.ObjectMethodExecutorAwaitable.Awaiter.GetResult()
   at Microsoft.AspNetCore.Mvc.Infrastructure.ActionMethodExecutor.AwaitableObjectResultExecutor.Execute(IActionResultTypeMapper mapper, ObjectMethodExecutor executor, Object controller, Object[] arguments)
   at Microsoft.AspNetCore.Mvc.Infrastructure.ControllerActionInvoker.<InvokeActionMethodAsync>g__Logged|12_1(ControllerActionInvoker invoker)
   at Microsoft.AspNetCore.Mvc.Infrastructure.ControllerActionInvoker.<InvokeNextActionFilterAsync>g__Awaited|10_0(ControllerActionInvoker invoker, Task lastTask, State next, Scope scope, Object state, Boolean isCompleted)
   at Microsoft.AspNetCore.Mvc.Infrastructure.ControllerActionInvoker.Rethrow(ActionExecutedContextSealed context)
   at Microsoft.AspNetCore.Mvc.Infrastructure.ControllerActionInvoker.Next(State& next, Scope& scope, Object& state, Boolean& isCompleted)
   at Microsoft.AspNetCore.Mvc.Infrastructure.ControllerActionInvoker.<InvokeInnerFilterAsync>g__Awaited|13_0(ControllerActionInvoker invoker, Task lastTask, State next, Scope scope, Object state, Boolean isCompleted)
   at Microsoft.AspNetCore.Mvc.Infrastructure.ResourceInvoker.<InvokeNextExceptionFilterAsync>g__Awaited|25_0(ResourceInvoker invoker, Task lastTask, State next, Scope scope, Object state, Boolean isCompleted)
--------------------------------
2020-07-26 10:13:55,178| ERROR 
违反了 PRIMARY KEY 约束“PK_SysRoleMenu”。不能在对象“dbo.SysRoleMenu”中插入重复键。重复键值为 (1)。
语句已终止。
【自定义错误】：违反了 PRIMARY KEY 约束“PK_SysRoleMenu”。不能在对象“dbo.SysRoleMenu”中插入重复键。重复键值为 (1)。
语句已终止。 
【异常类型】：SqlException 
【异常信息】：违反了 PRIMARY KEY 约束“PK_SysRoleMenu”。不能在对象“dbo.SysRoleMenu”中插入重复键。重复键值为 (1)。
语句已终止。 
【堆栈调用】：   at SqlSugar.AdoProvider.ExecuteCommandAsync(String sql, SugarParameter[] parameters)
   at SqlSugar.InsertableProvider`1.ExecuteCommandAsync()
   at Blog.Core.Repository.Base.BaseRepository`1.Add(List`1 listEntity) in G:\项目源码\2020-5\老张的哲学  Blog.Core\Blog.Core\Blog.Core.Repository\BASE\BaseRepository.cs:line 130
   at Blog.Core.Services.SysRoleMenuServices.SaveRoleMenus(List`1 modelList) in G:\项目源码\2020-5\老张的哲学  Blog.Core\Blog.Core\Blog.Core.Services\Sys\SysRoleMenuServices.cs:line 48
   at Blog.Core.Controllers.SysRoleMenuController.SaveRoleMenus(List`1 modelList) in G:\项目源码\2020-5\老张的哲学  Blog.Core\Blog.Core\Blog.Core.Api\Controllers\Sys\SysRoleMenuController.cs:line 36
   at lambda_method(Closure , Object )
   at Microsoft.Extensions.Internal.ObjectMethodExecutorAwaitable.Awaiter.GetResult()
   at Microsoft.AspNetCore.Mvc.Infrastructure.ActionMethodExecutor.AwaitableObjectResultExecutor.Execute(IActionResultTypeMapper mapper, ObjectMethodExecutor executor, Object controller, Object[] arguments)
   at Microsoft.AspNetCore.Mvc.Infrastructure.ControllerActionInvoker.<InvokeActionMethodAsync>g__Logged|12_1(ControllerActionInvoker invoker)
   at Microsoft.AspNetCore.Mvc.Infrastructure.ControllerActionInvoker.<InvokeNextActionFilterAsync>g__Awaited|10_0(ControllerActionInvoker invoker, Task lastTask, State next, Scope scope, Object state, Boolean isCompleted)
   at Microsoft.AspNetCore.Mvc.Infrastructure.ControllerActionInvoker.Rethrow(ActionExecutedContextSealed context)
   at Microsoft.AspNetCore.Mvc.Infrastructure.ControllerActionInvoker.Next(State& next, Scope& scope, Object& state, Boolean& isCompleted)
   at Microsoft.AspNetCore.Mvc.Infrastructure.ControllerActionInvoker.<InvokeInnerFilterAsync>g__Awaited|13_0(ControllerActionInvoker invoker, Task lastTask, State next, Scope scope, Object state, Boolean isCompleted)
   at Microsoft.AspNetCore.Mvc.Infrastructure.ResourceInvoker.<InvokeNextExceptionFilterAsync>g__Awaited|25_0(ResourceInvoker invoker, Task lastTask, State next, Scope scope, Object state, Boolean isCompleted)
--------------------------------
2020-07-26 10:16:46,288| ERROR 
违反了 PRIMARY KEY 约束“PK_SysRoleMenu”。不能在对象“dbo.SysRoleMenu”中插入重复键。重复键值为 (1)。
语句已终止。
【自定义错误】：违反了 PRIMARY KEY 约束“PK_SysRoleMenu”。不能在对象“dbo.SysRoleMenu”中插入重复键。重复键值为 (1)。
语句已终止。 
【异常类型】：SqlException 
【异常信息】：违反了 PRIMARY KEY 约束“PK_SysRoleMenu”。不能在对象“dbo.SysRoleMenu”中插入重复键。重复键值为 (1)。
语句已终止。 
【堆栈调用】：   at SqlSugar.AdoProvider.ExecuteCommandAsync(String sql, SugarParameter[] parameters)
   at SqlSugar.InsertableProvider`1.ExecuteCommandAsync()
   at Blog.Core.Repository.Base.BaseRepository`1.Add(List`1 listEntity) in G:\项目源码\2020-5\老张的哲学  Blog.Core\Blog.Core\Blog.Core.Repository\BASE\BaseRepository.cs:line 130
   at Blog.Core.Services.SysRoleMenuServices.SaveRoleMenus(List`1 modelList) in G:\项目源码\2020-5\老张的哲学  Blog.Core\Blog.Core\Blog.Core.Services\Sys\SysRoleMenuServices.cs:line 48
   at Blog.Core.Controllers.SysRoleMenuController.SaveRoleMenus(List`1 modelList) in G:\项目源码\2020-5\老张的哲学  Blog.Core\Blog.Core\Blog.Core.Api\Controllers\Sys\SysRoleMenuController.cs:line 36
   at lambda_method(Closure , Object )
   at Microsoft.Extensions.Internal.ObjectMethodExecutorAwaitable.Awaiter.GetResult()
   at Microsoft.AspNetCore.Mvc.Infrastructure.ActionMethodExecutor.AwaitableObjectResultExecutor.Execute(IActionResultTypeMapper mapper, ObjectMethodExecutor executor, Object controller, Object[] arguments)
   at Microsoft.AspNetCore.Mvc.Infrastructure.ControllerActionInvoker.<InvokeActionMethodAsync>g__Logged|12_1(ControllerActionInvoker invoker)
   at Microsoft.AspNetCore.Mvc.Infrastructure.ControllerActionInvoker.<InvokeNextActionFilterAsync>g__Awaited|10_0(ControllerActionInvoker invoker, Task lastTask, State next, Scope scope, Object state, Boolean isCompleted)
   at Microsoft.AspNetCore.Mvc.Infrastructure.ControllerActionInvoker.Rethrow(ActionExecutedContextSealed context)
   at Microsoft.AspNetCore.Mvc.Infrastructure.ControllerActionInvoker.Next(State& next, Scope& scope, Object& state, Boolean& isCompleted)
   at Microsoft.AspNetCore.Mvc.Infrastructure.ControllerActionInvoker.<InvokeInnerFilterAsync>g__Awaited|13_0(ControllerActionInvoker invoker, Task lastTask, State next, Scope scope, Object state, Boolean isCompleted)
   at Microsoft.AspNetCore.Mvc.Infrastructure.ResourceInvoker.<InvokeNextExceptionFilterAsync>g__Awaited|25_0(ResourceInvoker invoker, Task lastTask, State next, Scope scope, Object state, Boolean isCompleted)
--------------------------------
2020-07-26 10:41:05,231| ERROR 
An unhandled exception has occurred while executing the request.
--------------------------------
System.NotSupportedException: Ambiguous HTTP method for action - Blog.Core.Controllers.SysMenuController.Delete (Blog.Core.Api). Actions require an explicit HttpMethod binding for Swagger/OpenAPI 3.0
   at Swashbuckle.AspNetCore.SwaggerGen.SwaggerGenerator.GenerateOperations(IEnumerable`1 apiDescriptions, SchemaRepository schemaRepository)
   at Swashbuckle.AspNetCore.SwaggerGen.SwaggerGenerator.GeneratePaths(IEnumerable`1 apiDescriptions, SchemaRepository schemaRepository)
   at Swashbuckle.AspNetCore.SwaggerGen.SwaggerGenerator.GetSwagger(String documentName, String host, String basePath)
   at Swashbuckle.AspNetCore.Swagger.SwaggerMiddleware.Invoke(HttpContext httpContext, ISwaggerProvider swaggerProvider)
   at Microsoft.AspNetCore.Diagnostics.DeveloperExceptionPageMiddleware.Invoke(HttpContext context)
2020-07-26 11:07:57,920| ERROR 
An unhandled exception has occurred while executing the request.
--------------------------------
System.NotSupportedException: Ambiguous HTTP method for action - Blog.Core.Controllers.SysMenuController.Delete (Blog.Core.Api). Actions require an explicit HttpMethod binding for Swagger/OpenAPI 3.0
   at Swashbuckle.AspNetCore.SwaggerGen.SwaggerGenerator.GenerateOperations(IEnumerable`1 apiDescriptions, SchemaRepository schemaRepository)
   at Swashbuckle.AspNetCore.SwaggerGen.SwaggerGenerator.GeneratePaths(IEnumerable`1 apiDescriptions, SchemaRepository schemaRepository)
   at Swashbuckle.AspNetCore.SwaggerGen.SwaggerGenerator.GetSwagger(String documentName, String host, String basePath)
   at Swashbuckle.AspNetCore.Swagger.SwaggerMiddleware.Invoke(HttpContext httpContext, ISwaggerProvider swaggerProvider)
   at Microsoft.AspNetCore.Diagnostics.DeveloperExceptionPageMiddleware.Invoke(HttpContext context)
2020-07-26 11:08:36,276| ERROR 
An unhandled exception has occurred while executing the request.
--------------------------------
System.NotSupportedException: Ambiguous HTTP method for action - Blog.Core.Controllers.SysMenuController.Delete (Blog.Core.Api). Actions require an explicit HttpMethod binding for Swagger/OpenAPI 3.0
   at Swashbuckle.AspNetCore.SwaggerGen.SwaggerGenerator.GenerateOperations(IEnumerable`1 apiDescriptions, SchemaRepository schemaRepository)
   at Swashbuckle.AspNetCore.SwaggerGen.SwaggerGenerator.GeneratePaths(IEnumerable`1 apiDescriptions, SchemaRepository schemaRepository)
   at Swashbuckle.AspNetCore.SwaggerGen.SwaggerGenerator.GetSwagger(String documentName, String host, String basePath)
   at Swashbuckle.AspNetCore.Swagger.SwaggerMiddleware.Invoke(HttpContext httpContext, ISwaggerProvider swaggerProvider)
   at Microsoft.AspNetCore.Diagnostics.DeveloperExceptionPageMiddleware.Invoke(HttpContext context)
2020-07-26 11:09:16,104| ERROR 
An unhandled exception has occurred while executing the request.
--------------------------------
System.NotSupportedException: Ambiguous HTTP method for action - Blog.Core.Controllers.SysMenuController.Delete (Blog.Core.Api). Actions require an explicit HttpMethod binding for Swagger/OpenAPI 3.0
   at Swashbuckle.AspNetCore.SwaggerGen.SwaggerGenerator.GenerateOperations(IEnumerable`1 apiDescriptions, SchemaRepository schemaRepository)
   at Swashbuckle.AspNetCore.SwaggerGen.SwaggerGenerator.GeneratePaths(IEnumerable`1 apiDescriptions, SchemaRepository schemaRepository)
   at Swashbuckle.AspNetCore.SwaggerGen.SwaggerGenerator.GetSwagger(String documentName, String host, String basePath)
   at Swashbuckle.AspNetCore.Swagger.SwaggerMiddleware.Invoke(HttpContext httpContext, ISwaggerProvider swaggerProvider)
   at Microsoft.AspNetCore.Diagnostics.DeveloperExceptionPageMiddleware.Invoke(HttpContext context)
2020-07-26 11:09:32,168| ERROR 
An unhandled exception has occurred while executing the request.
--------------------------------
System.NotSupportedException: Ambiguous HTTP method for action - Blog.Core.Controllers.SysMenuController.Delete (Blog.Core.Api). Actions require an explicit HttpMethod binding for Swagger/OpenAPI 3.0
   at Swashbuckle.AspNetCore.SwaggerGen.SwaggerGenerator.GenerateOperations(IEnumerable`1 apiDescriptions, SchemaRepository schemaRepository)
   at Swashbuckle.AspNetCore.SwaggerGen.SwaggerGenerator.GeneratePaths(IEnumerable`1 apiDescriptions, SchemaRepository schemaRepository)
   at Swashbuckle.AspNetCore.SwaggerGen.SwaggerGenerator.GetSwagger(String documentName, String host, String basePath)
   at Swashbuckle.AspNetCore.Swagger.SwaggerMiddleware.Invoke(HttpContext httpContext, ISwaggerProvider swaggerProvider)
   at Microsoft.AspNetCore.Diagnostics.DeveloperExceptionPageMiddleware.Invoke(HttpContext context)
2020-07-26 11:11:38,068| ERROR 
An unhandled exception has occurred while executing the request.
--------------------------------
System.NotSupportedException: Ambiguous HTTP method for action - Blog.Core.Controllers.SysMenuController.Delete (Blog.Core.Api). Actions require an explicit HttpMethod binding for Swagger/OpenAPI 3.0
   at Swashbuckle.AspNetCore.SwaggerGen.SwaggerGenerator.GenerateOperations(IEnumerable`1 apiDescriptions, SchemaRepository schemaRepository)
   at Swashbuckle.AspNetCore.SwaggerGen.SwaggerGenerator.GeneratePaths(IEnumerable`1 apiDescriptions, SchemaRepository schemaRepository)
   at Swashbuckle.AspNetCore.SwaggerGen.SwaggerGenerator.GetSwagger(String documentName, String host, String basePath)
   at Swashbuckle.AspNetCore.Swagger.SwaggerMiddleware.Invoke(HttpContext httpContext, ISwaggerProvider swaggerProvider)
   at Microsoft.AspNetCore.Diagnostics.DeveloperExceptionPageMiddleware.Invoke(HttpContext context)
2020-07-26 14:40:29,527| ERROR 
Attempted to divide by zero.
【自定义错误】：Attempted to divide by zero. 
【异常类型】：DivideByZeroException 
【异常信息】：Attempted to divide by zero. 
【堆栈调用】：   at System.Decimal.DecCalc.VarDecDiv(DecCalc& d1, DecCalc& d2)
   at System.Decimal.op_Division(Decimal d1, Decimal d2)
   at Blog.Core.Repository.Base.BaseRepository`1.QueryPage(Expression`1 whereExpression, Int32 intPageIndex, Int32 intPageSize, String strOrderByFileds) in G:\项目源码\2020-5\老张的哲学  Blog.Core\Blog.Core\Blog.Core.Repository\BASE\BaseRepository.cs:line 433
   at Blog.Core.Services.BASE.BaseServices`1.QueryPage(Expression`1 whereExpression, Int32 intPageIndex, Int32 intPageSize, String strOrderByFileds) in G:\项目源码\2020-5\老张的哲学  Blog.Core\Blog.Core\Blog.Core.Services\BASE\BaseServices.cs:line 296
   at Blog.Core.Controllers.SysUserController.FindPage(SysUserDto dto) in G:\项目源码\2020-5\老张的哲学  Blog.Core\Blog.Core\Blog.Core.Api\Controllers\Sys\SysUserController.cs:line 52
   at lambda_method(Closure , Object )
   at Microsoft.AspNetCore.Mvc.Infrastructure.ActionMethodExecutor.AwaitableObjectResultExecutor.Execute(IActionResultTypeMapper mapper, ObjectMethodExecutor executor, Object controller, Object[] arguments)
   at Microsoft.AspNetCore.Mvc.Infrastructure.ControllerActionInvoker.<InvokeActionMethodAsync>g__Logged|12_1(ControllerActionInvoker invoker)
   at Microsoft.AspNetCore.Mvc.Infrastructure.ControllerActionInvoker.<InvokeNextActionFilterAsync>g__Awaited|10_0(ControllerActionInvoker invoker, Task lastTask, State next, Scope scope, Object state, Boolean isCompleted)
   at Microsoft.AspNetCore.Mvc.Infrastructure.ControllerActionInvoker.Rethrow(ActionExecutedContextSealed context)
   at Microsoft.AspNetCore.Mvc.Infrastructure.ControllerActionInvoker.Next(State& next, Scope& scope, Object& state, Boolean& isCompleted)
   at Microsoft.AspNetCore.Mvc.Infrastructure.ControllerActionInvoker.<InvokeInnerFilterAsync>g__Awaited|13_0(ControllerActionInvoker invoker, Task lastTask, State next, Scope scope, Object state, Boolean isCompleted)
   at Microsoft.AspNetCore.Mvc.Infrastructure.ResourceInvoker.<InvokeNextExceptionFilterAsync>g__Awaited|25_0(ResourceInvoker invoker, Task lastTask, State next, Scope scope, Object state, Boolean isCompleted)
--------------------------------
2020-07-26 20:11:40,032| ERROR 
Cannot return null from an action method with a return type of 'Microsoft.AspNetCore.Mvc.IActionResult'.
【自定义错误】：Cannot return null from an action method with a return type of 'Microsoft.AspNetCore.Mvc.IActionResult'. 
【异常类型】：InvalidOperationException 
【异常信息】：Cannot return null from an action method with a return type of 'Microsoft.AspNetCore.Mvc.IActionResult'. 
【堆栈调用】：   at Microsoft.AspNetCore.Mvc.Infrastructure.ActionMethodExecutor.EnsureActionResultNotNull(ObjectMethodExecutor executor, IActionResult actionResult)
   at Microsoft.AspNetCore.Mvc.Infrastructure.ActionMethodExecutor.TaskOfIActionResultExecutor.Execute(IActionResultTypeMapper mapper, ObjectMethodExecutor executor, Object controller, Object[] arguments)
   at Microsoft.AspNetCore.Mvc.Infrastructure.ControllerActionInvoker.<InvokeActionMethodAsync>g__Logged|12_1(ControllerActionInvoker invoker)
   at Microsoft.AspNetCore.Mvc.Infrastructure.ControllerActionInvoker.<InvokeNextActionFilterAsync>g__Awaited|10_0(ControllerActionInvoker invoker, Task lastTask, State next, Scope scope, Object state, Boolean isCompleted)
   at Microsoft.AspNetCore.Mvc.Infrastructure.ControllerActionInvoker.Rethrow(ActionExecutedContextSealed context)
   at Microsoft.AspNetCore.Mvc.Infrastructure.ControllerActionInvoker.Next(State& next, Scope& scope, Object& state, Boolean& isCompleted)
   at Microsoft.AspNetCore.Mvc.Infrastructure.ControllerActionInvoker.<InvokeInnerFilterAsync>g__Awaited|13_0(ControllerActionInvoker invoker, Task lastTask, State next, Scope scope, Object state, Boolean isCompleted)
   at Microsoft.AspNetCore.Mvc.Infrastructure.ResourceInvoker.<InvokeNextExceptionFilterAsync>g__Awaited|25_0(ResourceInvoker invoker, Task lastTask, State next, Scope scope, Object state, Boolean isCompleted)
--------------------------------
