2020-07-25 15:51:02,243| ERROR 
不能将值 NULL 插入列 'Passwords'，表 'DB_WMS.dbo.SysUser'；列不允许有 Null 值。UPDATE 失败。
语句已终止。
【自定义错误】：不能将值 NULL 插入列 'Passwords'，表 'DB_WMS.dbo.SysUser'；列不允许有 Null 值。UPDATE 失败。
语句已终止。 
【异常类型】：SqlException 
【异常信息】：不能将值 NULL 插入列 'Passwords'，表 'DB_WMS.dbo.SysUser'；列不允许有 Null 值。UPDATE 失败。
语句已终止。 
【堆栈调用】：   at SqlSugar.AdoProvider.ExecuteCommandAsync(String sql, SugarParameter[] parameters)
   at SqlSugar.UpdateableProvider`1.ExecuteCommandAsync()
   at SqlSugar.UpdateableProvider`1.ExecuteCommandHasChangeAsync()
   at Blog.Core.Repository.Base.BaseRepository`1.Update(TEntity entity) in G:\项目源码\2020-5\老张的哲学  Blog.Core\Blog.Core\Blog.Core.Repository\BASE\BaseRepository.cs:line 144
   at Blog.Core.Services.BASE.BaseServices`1.Update(TEntity entity) in G:\项目源码\2020-5\老张的哲学  Blog.Core\Blog.Core\Blog.Core.Services\BASE\BaseServices.cs:line 72
   at Blog.Core.Controllers.SysUserController.Save(SysUser model) in G:\项目源码\2020-5\老张的哲学  Blog.Core\Blog.Core\Blog.Core.Api\Controllers\Sys\SysUserController.cs:line 92
   at lambda_method(Closure , Object )
   at Microsoft.Extensions.Internal.ObjectMethodExecutorAwaitable.Awaiter.GetResult()
   at Microsoft.AspNetCore.Mvc.Infrastructure.ActionMethodExecutor.AwaitableObjectResultExecutor.Execute(IActionResultTypeMapper mapper, ObjectMethodExecutor executor, Object controller, Object[] arguments)
   at Microsoft.AspNetCore.Mvc.Infrastructure.ControllerActionInvoker.<InvokeActionMethodAsync>g__Logged|12_1(ControllerActionInvoker invoker)
   at Microsoft.AspNetCore.Mvc.Infrastructure.ControllerActionInvoker.<InvokeNextActionFilterAsync>g__Awaited|10_0(ControllerActionInvoker invoker, Task lastTask, State next, Scope scope, Object state, Boolean isCompleted)
   at Microsoft.AspNetCore.Mvc.Infrastructure.ControllerActionInvoker.Rethrow(ActionExecutedContextSealed context)
   at Microsoft.AspNetCore.Mvc.Infrastructure.ControllerActionInvoker.Next(State& next, Scope& scope, Object& state, Boolean& isCompleted)
   at Microsoft.AspNetCore.Mvc.Infrastructure.ControllerActionInvoker.<InvokeInnerFilterAsync>g__Awaited|13_0(ControllerActionInvoker invoker, Task lastTask, State next, Scope scope, Object state, Boolean isCompleted)
   at Microsoft.AspNetCore.Mvc.Infrastructure.ResourceInvoker.<InvokeNextExceptionFilterAsync>g__Awaited|25_0(ResourceInvoker invoker, Task lastTask, State next, Scope scope, Object state, Boolean isCompleted)
--------------------------------
2020-07-25 15:54:22,655| ERROR 
不能将值 NULL 插入列 'Passwords'，表 'DB_WMS.dbo.SysUser'；列不允许有 Null 值。UPDATE 失败。
语句已终止。
【自定义错误】：不能将值 NULL 插入列 'Passwords'，表 'DB_WMS.dbo.SysUser'；列不允许有 Null 值。UPDATE 失败。
语句已终止。 
【异常类型】：SqlException 
【异常信息】：不能将值 NULL 插入列 'Passwords'，表 'DB_WMS.dbo.SysUser'；列不允许有 Null 值。UPDATE 失败。
语句已终止。 
【堆栈调用】：   at SqlSugar.AdoProvider.ExecuteCommandAsync(String sql, SugarParameter[] parameters)
   at SqlSugar.UpdateableProvider`1.ExecuteCommandAsync()
   at SqlSugar.UpdateableProvider`1.ExecuteCommandHasChangeAsync()
   at Blog.Core.Repository.Base.BaseRepository`1.Update(TEntity entity) in G:\项目源码\2020-5\老张的哲学  Blog.Core\Blog.Core\Blog.Core.Repository\BASE\BaseRepository.cs:line 144
   at Blog.Core.Services.BASE.BaseServices`1.Update(TEntity entity) in G:\项目源码\2020-5\老张的哲学  Blog.Core\Blog.Core\Blog.Core.Services\BASE\BaseServices.cs:line 72
   at Blog.Core.Controllers.SysUserController.Save(SysUser model) in G:\项目源码\2020-5\老张的哲学  Blog.Core\Blog.Core\Blog.Core.Api\Controllers\Sys\SysUserController.cs:line 92
   at lambda_method(Closure , Object )
   at Microsoft.Extensions.Internal.ObjectMethodExecutorAwaitable.Awaiter.GetResult()
   at Microsoft.AspNetCore.Mvc.Infrastructure.ActionMethodExecutor.AwaitableObjectResultExecutor.Execute(IActionResultTypeMapper mapper, ObjectMethodExecutor executor, Object controller, Object[] arguments)
   at Microsoft.AspNetCore.Mvc.Infrastructure.ControllerActionInvoker.<InvokeActionMethodAsync>g__Logged|12_1(ControllerActionInvoker invoker)
   at Microsoft.AspNetCore.Mvc.Infrastructure.ControllerActionInvoker.<InvokeNextActionFilterAsync>g__Awaited|10_0(ControllerActionInvoker invoker, Task lastTask, State next, Scope scope, Object state, Boolean isCompleted)
   at Microsoft.AspNetCore.Mvc.Infrastructure.ControllerActionInvoker.Rethrow(ActionExecutedContextSealed context)
   at Microsoft.AspNetCore.Mvc.Infrastructure.ControllerActionInvoker.Next(State& next, Scope& scope, Object& state, Boolean& isCompleted)
   at Microsoft.AspNetCore.Mvc.Infrastructure.ControllerActionInvoker.<InvokeInnerFilterAsync>g__Awaited|13_0(ControllerActionInvoker invoker, Task lastTask, State next, Scope scope, Object state, Boolean isCompleted)
   at Microsoft.AspNetCore.Mvc.Infrastructure.ResourceInvoker.<InvokeNextExceptionFilterAsync>g__Awaited|25_0(ResourceInvoker invoker, Task lastTask, State next, Scope scope, Object state, Boolean isCompleted)
--------------------------------
2020-07-25 15:57:55,380| ERROR 
不能将值 NULL 插入列 'Passwords'，表 'DB_WMS.dbo.SysUser'；列不允许有 Null 值。UPDATE 失败。
语句已终止。
【自定义错误】：不能将值 NULL 插入列 'Passwords'，表 'DB_WMS.dbo.SysUser'；列不允许有 Null 值。UPDATE 失败。
语句已终止。 
【异常类型】：SqlException 
【异常信息】：不能将值 NULL 插入列 'Passwords'，表 'DB_WMS.dbo.SysUser'；列不允许有 Null 值。UPDATE 失败。
语句已终止。 
【堆栈调用】：   at SqlSugar.AdoProvider.ExecuteCommandAsync(String sql, SugarParameter[] parameters)
   at SqlSugar.UpdateableProvider`1.ExecuteCommandAsync()
   at SqlSugar.UpdateableProvider`1.ExecuteCommandHasChangeAsync()
   at Blog.Core.Repository.Base.BaseRepository`1.Update(TEntity entity) in G:\项目源码\2020-5\老张的哲学  Blog.Core\Blog.Core\Blog.Core.Repository\BASE\BaseRepository.cs:line 144
   at Blog.Core.Services.BASE.BaseServices`1.Update(TEntity entity) in G:\项目源码\2020-5\老张的哲学  Blog.Core\Blog.Core\Blog.Core.Services\BASE\BaseServices.cs:line 72
   at Blog.Core.Controllers.SysUserController.Save(SysUser model) in G:\项目源码\2020-5\老张的哲学  Blog.Core\Blog.Core\Blog.Core.Api\Controllers\Sys\SysUserController.cs:line 92
   at lambda_method(Closure , Object )
   at Microsoft.Extensions.Internal.ObjectMethodExecutorAwaitable.Awaiter.GetResult()
   at Microsoft.AspNetCore.Mvc.Infrastructure.ActionMethodExecutor.AwaitableObjectResultExecutor.Execute(IActionResultTypeMapper mapper, ObjectMethodExecutor executor, Object controller, Object[] arguments)
   at Microsoft.AspNetCore.Mvc.Infrastructure.ControllerActionInvoker.<InvokeActionMethodAsync>g__Logged|12_1(ControllerActionInvoker invoker)
   at Microsoft.AspNetCore.Mvc.Infrastructure.ControllerActionInvoker.<InvokeNextActionFilterAsync>g__Awaited|10_0(ControllerActionInvoker invoker, Task lastTask, State next, Scope scope, Object state, Boolean isCompleted)
   at Microsoft.AspNetCore.Mvc.Infrastructure.ControllerActionInvoker.Rethrow(ActionExecutedContextSealed context)
   at Microsoft.AspNetCore.Mvc.Infrastructure.ControllerActionInvoker.Next(State& next, Scope& scope, Object& state, Boolean& isCompleted)
   at Microsoft.AspNetCore.Mvc.Infrastructure.ControllerActionInvoker.<InvokeInnerFilterAsync>g__Awaited|13_0(ControllerActionInvoker invoker, Task lastTask, State next, Scope scope, Object state, Boolean isCompleted)
   at Microsoft.AspNetCore.Mvc.Infrastructure.ResourceInvoker.<InvokeNextExceptionFilterAsync>g__Awaited|25_0(ResourceInvoker invoker, Task lastTask, State next, Scope scope, Object state, Boolean isCompleted)
--------------------------------
2020-07-25 20:16:45,960| ERROR 
不能将值 NULL 插入列 'Passwords'，表 'DB_WMS.dbo.SysUser'；列不允许有 Null 值。UPDATE 失败。
语句已终止。
【自定义错误】：不能将值 NULL 插入列 'Passwords'，表 'DB_WMS.dbo.SysUser'；列不允许有 Null 值。UPDATE 失败。
语句已终止。 
【异常类型】：SqlException 
【异常信息】：不能将值 NULL 插入列 'Passwords'，表 'DB_WMS.dbo.SysUser'；列不允许有 Null 值。UPDATE 失败。
语句已终止。 
【堆栈调用】：   at SqlSugar.AdoProvider.ExecuteCommandAsync(String sql, SugarParameter[] parameters)
   at SqlSugar.UpdateableProvider`1.ExecuteCommandAsync()
   at SqlSugar.UpdateableProvider`1.ExecuteCommandHasChangeAsync()
   at Blog.Core.Repository.Base.BaseRepository`1.Update(TEntity entity) in G:\项目源码\2020-5\老张的哲学  Blog.Core\Blog.Core\Blog.Core.Repository\BASE\BaseRepository.cs:line 144
   at Blog.Core.Services.BASE.BaseServices`1.Update(TEntity entity) in G:\项目源码\2020-5\老张的哲学  Blog.Core\Blog.Core\Blog.Core.Services\BASE\BaseServices.cs:line 72
   at Blog.Core.Controllers.SysUserController.Save(SysUser model) in G:\项目源码\2020-5\老张的哲学  Blog.Core\Blog.Core\Blog.Core.Api\Controllers\Sys\SysUserController.cs:line 92
   at lambda_method(Closure , Object )
   at Microsoft.AspNetCore.Mvc.Infrastructure.ActionMethodExecutor.AwaitableObjectResultExecutor.Execute(IActionResultTypeMapper mapper, ObjectMethodExecutor executor, Object controller, Object[] arguments)
   at Microsoft.AspNetCore.Mvc.Infrastructure.ControllerActionInvoker.<InvokeActionMethodAsync>g__Logged|12_1(ControllerActionInvoker invoker)
   at Microsoft.AspNetCore.Mvc.Infrastructure.ControllerActionInvoker.<InvokeNextActionFilterAsync>g__Awaited|10_0(ControllerActionInvoker invoker, Task lastTask, State next, Scope scope, Object state, Boolean isCompleted)
   at Microsoft.AspNetCore.Mvc.Infrastructure.ControllerActionInvoker.Rethrow(ActionExecutedContextSealed context)
   at Microsoft.AspNetCore.Mvc.Infrastructure.ControllerActionInvoker.Next(State& next, Scope& scope, Object& state, Boolean& isCompleted)
   at Microsoft.AspNetCore.Mvc.Infrastructure.ControllerActionInvoker.<InvokeInnerFilterAsync>g__Awaited|13_0(ControllerActionInvoker invoker, Task lastTask, State next, Scope scope, Object state, Boolean isCompleted)
   at Microsoft.AspNetCore.Mvc.Infrastructure.ResourceInvoker.<InvokeNextExceptionFilterAsync>g__Awaited|25_0(ResourceInvoker invoker, Task lastTask, State next, Scope scope, Object state, Boolean isCompleted)
--------------------------------
2020-07-25 20:18:29,959| ERROR 
违反了 PRIMARY KEY 约束“PK_SysUserRole_Id”。不能在对象“dbo.SysUserRole”中插入重复键。重复键值为 (1)。
语句已终止。
【自定义错误】：违反了 PRIMARY KEY 约束“PK_SysUserRole_Id”。不能在对象“dbo.SysUserRole”中插入重复键。重复键值为 (1)。
语句已终止。 
【异常类型】：SqlException 
【异常信息】：违反了 PRIMARY KEY 约束“PK_SysUserRole_Id”。不能在对象“dbo.SysUserRole”中插入重复键。重复键值为 (1)。
语句已终止。 
【堆栈调用】：   at SqlSugar.AdoProvider.ExecuteCommandAsync(String sql, SugarParameter[] parameters)
   at SqlSugar.InsertableProvider`1.ExecuteCommandAsync()
   at Blog.Core.Repository.Base.BaseRepository`1.Add(List`1 listEntity) in G:\项目源码\2020-5\老张的哲学  Blog.Core\Blog.Core\Blog.Core.Repository\BASE\BaseRepository.cs:line 130
   at Blog.Core.Services.BASE.BaseServices`1.Add(List`1 listEntity) in G:\项目源码\2020-5\老张的哲学  Blog.Core\Blog.Core\Blog.Core.Services\BASE\BaseServices.cs:line 62
   at Blog.Core.Controllers.SysUserController.Save(SysUser model) in G:\项目源码\2020-5\老张的哲学  Blog.Core\Blog.Core\Blog.Core.Api\Controllers\Sys\SysUserController.cs:line 103
   at lambda_method(Closure , Object )
   at Microsoft.AspNetCore.Mvc.Infrastructure.ActionMethodExecutor.AwaitableObjectResultExecutor.Execute(IActionResultTypeMapper mapper, ObjectMethodExecutor executor, Object controller, Object[] arguments)
   at Microsoft.AspNetCore.Mvc.Infrastructure.ControllerActionInvoker.<InvokeActionMethodAsync>g__Logged|12_1(ControllerActionInvoker invoker)
   at Microsoft.AspNetCore.Mvc.Infrastructure.ControllerActionInvoker.<InvokeNextActionFilterAsync>g__Awaited|10_0(ControllerActionInvoker invoker, Task lastTask, State next, Scope scope, Object state, Boolean isCompleted)
   at Microsoft.AspNetCore.Mvc.Infrastructure.ControllerActionInvoker.Rethrow(ActionExecutedContextSealed context)
   at Microsoft.AspNetCore.Mvc.Infrastructure.ControllerActionInvoker.Next(State& next, Scope& scope, Object& state, Boolean& isCompleted)
   at Microsoft.AspNetCore.Mvc.Infrastructure.ControllerActionInvoker.<InvokeInnerFilterAsync>g__Awaited|13_0(ControllerActionInvoker invoker, Task lastTask, State next, Scope scope, Object state, Boolean isCompleted)
   at Microsoft.AspNetCore.Mvc.Infrastructure.ResourceInvoker.<InvokeNextExceptionFilterAsync>g__Awaited|25_0(ResourceInvoker invoker, Task lastTask, State next, Scope scope, Object state, Boolean isCompleted)
--------------------------------
2020-07-25 20:19:56,388| ERROR 
BeginExecuteNonQuery requires an open and available Connection. The connection's current state is closed.
【自定义错误】：BeginExecuteNonQuery requires an open and available Connection. The connection's current state is closed. 
【异常类型】：InvalidOperationException 
【异常信息】：BeginExecuteNonQuery requires an open and available Connection. The connection's current state is closed. 
【堆栈调用】：   at SqlSugar.AdoProvider.ExecuteCommandAsync(String sql, SugarParameter[] parameters)
   at SqlSugar.InsertableProvider`1.ExecuteCommandAsync()
   at Blog.Core.Repository.Base.BaseRepository`1.Add(List`1 listEntity) in G:\项目源码\2020-5\老张的哲学  Blog.Core\Blog.Core\Blog.Core.Repository\BASE\BaseRepository.cs:line 130
   at Blog.Core.Services.BASE.BaseServices`1.Add(List`1 listEntity) in G:\项目源码\2020-5\老张的哲学  Blog.Core\Blog.Core\Blog.Core.Services\BASE\BaseServices.cs:line 62
   at Blog.Core.Controllers.SysUserController.Save(SysUser model) in G:\项目源码\2020-5\老张的哲学  Blog.Core\Blog.Core\Blog.Core.Api\Controllers\Sys\SysUserController.cs:line 103
   at lambda_method(Closure , Object )
   at Microsoft.AspNetCore.Mvc.Infrastructure.ActionMethodExecutor.AwaitableObjectResultExecutor.Execute(IActionResultTypeMapper mapper, ObjectMethodExecutor executor, Object controller, Object[] arguments)
   at Microsoft.AspNetCore.Mvc.Infrastructure.ControllerActionInvoker.<InvokeActionMethodAsync>g__Logged|12_1(ControllerActionInvoker invoker)
   at Microsoft.AspNetCore.Mvc.Infrastructure.ControllerActionInvoker.<InvokeNextActionFilterAsync>g__Awaited|10_0(ControllerActionInvoker invoker, Task lastTask, State next, Scope scope, Object state, Boolean isCompleted)
   at Microsoft.AspNetCore.Mvc.Infrastructure.ControllerActionInvoker.Rethrow(ActionExecutedContextSealed context)
   at Microsoft.AspNetCore.Mvc.Infrastructure.ControllerActionInvoker.Next(State& next, Scope& scope, Object& state, Boolean& isCompleted)
   at Microsoft.AspNetCore.Mvc.Infrastructure.ControllerActionInvoker.<InvokeInnerFilterAsync>g__Awaited|13_0(ControllerActionInvoker invoker, Task lastTask, State next, Scope scope, Object state, Boolean isCompleted)
   at Microsoft.AspNetCore.Mvc.Infrastructure.ResourceInvoker.<InvokeNextExceptionFilterAsync>g__Awaited|25_0(ResourceInvoker invoker, Task lastTask, State next, Scope scope, Object state, Boolean isCompleted)
--------------------------------
2020-07-25 20:27:05,981| ERROR 
违反了 PRIMARY KEY 约束“PK_SysUserRole_Id”。不能在对象“dbo.SysUserRole”中插入重复键。重复键值为 (1)。
语句已终止。
【自定义错误】：违反了 PRIMARY KEY 约束“PK_SysUserRole_Id”。不能在对象“dbo.SysUserRole”中插入重复键。重复键值为 (1)。
语句已终止。 
【异常类型】：SqlException 
【异常信息】：违反了 PRIMARY KEY 约束“PK_SysUserRole_Id”。不能在对象“dbo.SysUserRole”中插入重复键。重复键值为 (1)。
语句已终止。 
【堆栈调用】：   at SqlSugar.AdoProvider.ExecuteCommandAsync(String sql, SugarParameter[] parameters)
   at SqlSugar.InsertableProvider`1.ExecuteCommandAsync()
   at Blog.Core.Repository.Base.BaseRepository`1.Add(List`1 listEntity) in G:\项目源码\2020-5\老张的哲学  Blog.Core\Blog.Core\Blog.Core.Repository\BASE\BaseRepository.cs:line 130
   at Blog.Core.Services.BASE.BaseServices`1.Add(List`1 listEntity) in G:\项目源码\2020-5\老张的哲学  Blog.Core\Blog.Core\Blog.Core.Services\BASE\BaseServices.cs:line 62
   at Blog.Core.Controllers.SysUserController.Save(SysUser model) in G:\项目源码\2020-5\老张的哲学  Blog.Core\Blog.Core\Blog.Core.Api\Controllers\Sys\SysUserController.cs:line 103
   at lambda_method(Closure , Object )
   at Microsoft.Extensions.Internal.ObjectMethodExecutorAwaitable.Awaiter.GetResult()
   at Microsoft.AspNetCore.Mvc.Infrastructure.ActionMethodExecutor.AwaitableObjectResultExecutor.Execute(IActionResultTypeMapper mapper, ObjectMethodExecutor executor, Object controller, Object[] arguments)
   at Microsoft.AspNetCore.Mvc.Infrastructure.ControllerActionInvoker.<InvokeActionMethodAsync>g__Logged|12_1(ControllerActionInvoker invoker)
   at Microsoft.AspNetCore.Mvc.Infrastructure.ControllerActionInvoker.<InvokeNextActionFilterAsync>g__Awaited|10_0(ControllerActionInvoker invoker, Task lastTask, State next, Scope scope, Object state, Boolean isCompleted)
   at Microsoft.AspNetCore.Mvc.Infrastructure.ControllerActionInvoker.Rethrow(ActionExecutedContextSealed context)
   at Microsoft.AspNetCore.Mvc.Infrastructure.ControllerActionInvoker.Next(State& next, Scope& scope, Object& state, Boolean& isCompleted)
   at Microsoft.AspNetCore.Mvc.Infrastructure.ControllerActionInvoker.<InvokeInnerFilterAsync>g__Awaited|13_0(ControllerActionInvoker invoker, Task lastTask, State next, Scope scope, Object state, Boolean isCompleted)
   at Microsoft.AspNetCore.Mvc.Infrastructure.ResourceInvoker.<InvokeNextExceptionFilterAsync>g__Awaited|25_0(ResourceInvoker invoker, Task lastTask, State next, Scope scope, Object state, Boolean isCompleted)
--------------------------------
2020-07-25 21:59:04,620| ERROR 
Attempted to divide by zero.
【自定义错误】：Attempted to divide by zero. 
【异常类型】：DivideByZeroException 
【异常信息】：Attempted to divide by zero. 
【堆栈调用】：   at System.Decimal.DecCalc.VarDecDiv(DecCalc& d1, DecCalc& d2)
   at System.Decimal.op_Division(Decimal d1, Decimal d2)
   at Blog.Core.Repository.Base.BaseRepository`1.QueryPage(Expression`1 whereExpression, Int32 intPageIndex, Int32 intPageSize, String strOrderByFileds) in G:\项目源码\2020-5\老张的哲学  Blog.Core\Blog.Core\Blog.Core.Repository\BASE\BaseRepository.cs:line 433
   at Blog.Core.Services.BASE.BaseServices`1.QueryPage(Expression`1 whereExpression, Int32 intPageIndex, Int32 intPageSize, String strOrderByFileds) in G:\项目源码\2020-5\老张的哲学  Blog.Core\Blog.Core\Blog.Core.Services\BASE\BaseServices.cs:line 296
   at Blog.Core.Controllers.SysRoleController.FindPage(RoleDto dto) in G:\项目源码\2020-5\老张的哲学  Blog.Core\Blog.Core\Blog.Core.Api\Controllers\Sys\SysRoleController.cs:line 49
   at lambda_method(Closure , Object )
   at Microsoft.Extensions.Internal.ObjectMethodExecutorAwaitable.Awaiter.GetResult()
   at Microsoft.AspNetCore.Mvc.Infrastructure.ActionMethodExecutor.AwaitableObjectResultExecutor.Execute(IActionResultTypeMapper mapper, ObjectMethodExecutor executor, Object controller, Object[] arguments)
   at Microsoft.AspNetCore.Mvc.Infrastructure.ControllerActionInvoker.<InvokeActionMethodAsync>g__Logged|12_1(ControllerActionInvoker invoker)
   at Microsoft.AspNetCore.Mvc.Infrastructure.ControllerActionInvoker.<InvokeNextActionFilterAsync>g__Awaited|10_0(ControllerActionInvoker invoker, Task lastTask, State next, Scope scope, Object state, Boolean isCompleted)
   at Microsoft.AspNetCore.Mvc.Infrastructure.ControllerActionInvoker.Rethrow(ActionExecutedContextSealed context)
   at Microsoft.AspNetCore.Mvc.Infrastructure.ControllerActionInvoker.Next(State& next, Scope& scope, Object& state, Boolean& isCompleted)
   at Microsoft.AspNetCore.Mvc.Infrastructure.ControllerActionInvoker.<InvokeInnerFilterAsync>g__Awaited|13_0(ControllerActionInvoker invoker, Task lastTask, State next, Scope scope, Object state, Boolean isCompleted)
   at Microsoft.AspNetCore.Mvc.Infrastructure.ResourceInvoker.<InvokeNextExceptionFilterAsync>g__Awaited|25_0(ResourceInvoker invoker, Task lastTask, State next, Scope scope, Object state, Boolean isCompleted)
--------------------------------
2020-07-25 21:59:27,675| ERROR 
Attempted to divide by zero.
【自定义错误】：Attempted to divide by zero. 
【异常类型】：DivideByZeroException 
【异常信息】：Attempted to divide by zero. 
【堆栈调用】：   at System.Decimal.DecCalc.VarDecDiv(DecCalc& d1, DecCalc& d2)
   at System.Decimal.op_Division(Decimal d1, Decimal d2)
   at Blog.Core.Repository.Base.BaseRepository`1.QueryPage(Expression`1 whereExpression, Int32 intPageIndex, Int32 intPageSize, String strOrderByFileds) in G:\项目源码\2020-5\老张的哲学  Blog.Core\Blog.Core\Blog.Core.Repository\BASE\BaseRepository.cs:line 433
   at Blog.Core.Services.BASE.BaseServices`1.QueryPage(Expression`1 whereExpression, Int32 intPageIndex, Int32 intPageSize, String strOrderByFileds) in G:\项目源码\2020-5\老张的哲学  Blog.Core\Blog.Core\Blog.Core.Services\BASE\BaseServices.cs:line 296
   at Blog.Core.Controllers.SysRoleController.FindPage(RoleDto dto) in G:\项目源码\2020-5\老张的哲学  Blog.Core\Blog.Core\Blog.Core.Api\Controllers\Sys\SysRoleController.cs:line 49
   at lambda_method(Closure , Object )
   at Microsoft.Extensions.Internal.ObjectMethodExecutorAwaitable.Awaiter.GetResult()
   at Microsoft.AspNetCore.Mvc.Infrastructure.ActionMethodExecutor.AwaitableObjectResultExecutor.Execute(IActionResultTypeMapper mapper, ObjectMethodExecutor executor, Object controller, Object[] arguments)
   at Microsoft.AspNetCore.Mvc.Infrastructure.ControllerActionInvoker.<InvokeActionMethodAsync>g__Logged|12_1(ControllerActionInvoker invoker)
   at Microsoft.AspNetCore.Mvc.Infrastructure.ControllerActionInvoker.<InvokeNextActionFilterAsync>g__Awaited|10_0(ControllerActionInvoker invoker, Task lastTask, State next, Scope scope, Object state, Boolean isCompleted)
   at Microsoft.AspNetCore.Mvc.Infrastructure.ControllerActionInvoker.Rethrow(ActionExecutedContextSealed context)
   at Microsoft.AspNetCore.Mvc.Infrastructure.ControllerActionInvoker.Next(State& next, Scope& scope, Object& state, Boolean& isCompleted)
   at Microsoft.AspNetCore.Mvc.Infrastructure.ControllerActionInvoker.<InvokeInnerFilterAsync>g__Awaited|13_0(ControllerActionInvoker invoker, Task lastTask, State next, Scope scope, Object state, Boolean isCompleted)
   at Microsoft.AspNetCore.Mvc.Infrastructure.ResourceInvoker.<InvokeNextExceptionFilterAsync>g__Awaited|25_0(ResourceInvoker invoker, Task lastTask, State next, Scope scope, Object state, Boolean isCompleted)
--------------------------------
2020-07-25 22:03:05,680| ERROR 
Attempted to divide by zero.
【自定义错误】：Attempted to divide by zero. 
【异常类型】：DivideByZeroException 
【异常信息】：Attempted to divide by zero. 
【堆栈调用】：   at System.Decimal.DecCalc.VarDecDiv(DecCalc& d1, DecCalc& d2)
   at System.Decimal.op_Division(Decimal d1, Decimal d2)
   at Blog.Core.Repository.Base.BaseRepository`1.QueryPage(Expression`1 whereExpression, Int32 intPageIndex, Int32 intPageSize, String strOrderByFileds) in G:\项目源码\2020-5\老张的哲学  Blog.Core\Blog.Core\Blog.Core.Repository\BASE\BaseRepository.cs:line 433
   at Blog.Core.Services.BASE.BaseServices`1.QueryPage(Expression`1 whereExpression, Int32 intPageIndex, Int32 intPageSize, String strOrderByFileds) in G:\项目源码\2020-5\老张的哲学  Blog.Core\Blog.Core\Blog.Core.Services\BASE\BaseServices.cs:line 296
   at Blog.Core.Controllers.SysRoleController.FindPage(RoleDto dto)
   at lambda_method(Closure , Object )
   at Microsoft.Extensions.Internal.ObjectMethodExecutorAwaitable.Awaiter.GetResult()
   at Microsoft.AspNetCore.Mvc.Infrastructure.ActionMethodExecutor.AwaitableObjectResultExecutor.Execute(IActionResultTypeMapper mapper, ObjectMethodExecutor executor, Object controller, Object[] arguments)
   at Microsoft.AspNetCore.Mvc.Infrastructure.ControllerActionInvoker.<InvokeActionMethodAsync>g__Logged|12_1(ControllerActionInvoker invoker)
   at Microsoft.AspNetCore.Mvc.Infrastructure.ControllerActionInvoker.<InvokeNextActionFilterAsync>g__Awaited|10_0(ControllerActionInvoker invoker, Task lastTask, State next, Scope scope, Object state, Boolean isCompleted)
   at Microsoft.AspNetCore.Mvc.Infrastructure.ControllerActionInvoker.Rethrow(ActionExecutedContextSealed context)
   at Microsoft.AspNetCore.Mvc.Infrastructure.ControllerActionInvoker.Next(State& next, Scope& scope, Object& state, Boolean& isCompleted)
   at Microsoft.AspNetCore.Mvc.Infrastructure.ControllerActionInvoker.<InvokeInnerFilterAsync>g__Awaited|13_0(ControllerActionInvoker invoker, Task lastTask, State next, Scope scope, Object state, Boolean isCompleted)
   at Microsoft.AspNetCore.Mvc.Infrastructure.ResourceInvoker.<InvokeNextExceptionFilterAsync>g__Awaited|25_0(ResourceInvoker invoker, Task lastTask, State next, Scope scope, Object state, Boolean isCompleted)
--------------------------------
2020-07-25 22:04:42,177| ERROR 
Attempted to divide by zero.
【自定义错误】：Attempted to divide by zero. 
【异常类型】：DivideByZeroException 
【异常信息】：Attempted to divide by zero. 
【堆栈调用】：   at System.Decimal.DecCalc.VarDecDiv(DecCalc& d1, DecCalc& d2)
   at System.Decimal.op_Division(Decimal d1, Decimal d2)
   at Blog.Core.Repository.Base.BaseRepository`1.QueryPage(Expression`1 whereExpression, Int32 intPageIndex, Int32 intPageSize, String strOrderByFileds) in G:\项目源码\2020-5\老张的哲学  Blog.Core\Blog.Core\Blog.Core.Repository\BASE\BaseRepository.cs:line 433
   at Blog.Core.Services.BASE.BaseServices`1.QueryPage(Expression`1 whereExpression, Int32 intPageIndex, Int32 intPageSize, String strOrderByFileds) in G:\项目源码\2020-5\老张的哲学  Blog.Core\Blog.Core\Blog.Core.Services\BASE\BaseServices.cs:line 296
   at Blog.Core.Controllers.SysRoleController.FindPage(RoleDto dto)
   at lambda_method(Closure , Object )
   at Microsoft.Extensions.Internal.ObjectMethodExecutorAwaitable.Awaiter.GetResult()
   at Microsoft.AspNetCore.Mvc.Infrastructure.ActionMethodExecutor.AwaitableObjectResultExecutor.Execute(IActionResultTypeMapper mapper, ObjectMethodExecutor executor, Object controller, Object[] arguments)
   at Microsoft.AspNetCore.Mvc.Infrastructure.ControllerActionInvoker.<InvokeActionMethodAsync>g__Logged|12_1(ControllerActionInvoker invoker)
   at Microsoft.AspNetCore.Mvc.Infrastructure.ControllerActionInvoker.<InvokeNextActionFilterAsync>g__Awaited|10_0(ControllerActionInvoker invoker, Task lastTask, State next, Scope scope, Object state, Boolean isCompleted)
   at Microsoft.AspNetCore.Mvc.Infrastructure.ControllerActionInvoker.Rethrow(ActionExecutedContextSealed context)
   at Microsoft.AspNetCore.Mvc.Infrastructure.ControllerActionInvoker.Next(State& next, Scope& scope, Object& state, Boolean& isCompleted)
   at Microsoft.AspNetCore.Mvc.Infrastructure.ControllerActionInvoker.<InvokeInnerFilterAsync>g__Awaited|13_0(ControllerActionInvoker invoker, Task lastTask, State next, Scope scope, Object state, Boolean isCompleted)
   at Microsoft.AspNetCore.Mvc.Infrastructure.ResourceInvoker.<InvokeNextExceptionFilterAsync>g__Awaited|25_0(ResourceInvoker invoker, Task lastTask, State next, Scope scope, Object state, Boolean isCompleted)
--------------------------------
2020-07-25 22:05:14,670| ERROR 
Attempted to divide by zero.
【自定义错误】：Attempted to divide by zero. 
【异常类型】：DivideByZeroException 
【异常信息】：Attempted to divide by zero. 
【堆栈调用】：   at System.Decimal.DecCalc.VarDecDiv(DecCalc& d1, DecCalc& d2)
   at System.Decimal.op_Division(Decimal d1, Decimal d2)
   at Blog.Core.Repository.Base.BaseRepository`1.QueryPage(Expression`1 whereExpression, Int32 intPageIndex, Int32 intPageSize, String strOrderByFileds) in G:\项目源码\2020-5\老张的哲学  Blog.Core\Blog.Core\Blog.Core.Repository\BASE\BaseRepository.cs:line 433
   at Blog.Core.Services.BASE.BaseServices`1.QueryPage(Expression`1 whereExpression, Int32 intPageIndex, Int32 intPageSize, String strOrderByFileds) in G:\项目源码\2020-5\老张的哲学  Blog.Core\Blog.Core\Blog.Core.Services\BASE\BaseServices.cs:line 296
   at Blog.Core.Controllers.SysRoleController.FindPage(RoleDto dto)
   at lambda_method(Closure , Object )
   at Microsoft.Extensions.Internal.ObjectMethodExecutorAwaitable.Awaiter.GetResult()
   at Microsoft.AspNetCore.Mvc.Infrastructure.ActionMethodExecutor.AwaitableObjectResultExecutor.Execute(IActionResultTypeMapper mapper, ObjectMethodExecutor executor, Object controller, Object[] arguments)
   at Microsoft.AspNetCore.Mvc.Infrastructure.ControllerActionInvoker.<InvokeActionMethodAsync>g__Logged|12_1(ControllerActionInvoker invoker)
   at Microsoft.AspNetCore.Mvc.Infrastructure.ControllerActionInvoker.<InvokeNextActionFilterAsync>g__Awaited|10_0(ControllerActionInvoker invoker, Task lastTask, State next, Scope scope, Object state, Boolean isCompleted)
   at Microsoft.AspNetCore.Mvc.Infrastructure.ControllerActionInvoker.Rethrow(ActionExecutedContextSealed context)
   at Microsoft.AspNetCore.Mvc.Infrastructure.ControllerActionInvoker.Next(State& next, Scope& scope, Object& state, Boolean& isCompleted)
   at Microsoft.AspNetCore.Mvc.Infrastructure.ControllerActionInvoker.<InvokeInnerFilterAsync>g__Awaited|13_0(ControllerActionInvoker invoker, Task lastTask, State next, Scope scope, Object state, Boolean isCompleted)
   at Microsoft.AspNetCore.Mvc.Infrastructure.ResourceInvoker.<InvokeNextExceptionFilterAsync>g__Awaited|25_0(ResourceInvoker invoker, Task lastTask, State next, Scope scope, Object state, Boolean isCompleted)
--------------------------------
2020-07-25 22:05:22,144| ERROR 
Attempted to divide by zero.
【自定义错误】：Attempted to divide by zero. 
【异常类型】：DivideByZeroException 
【异常信息】：Attempted to divide by zero. 
【堆栈调用】：   at System.Decimal.DecCalc.VarDecDiv(DecCalc& d1, DecCalc& d2)
   at System.Decimal.op_Division(Decimal d1, Decimal d2)
   at Blog.Core.Repository.Base.BaseRepository`1.QueryPage(Expression`1 whereExpression, Int32 intPageIndex, Int32 intPageSize, String strOrderByFileds) in G:\项目源码\2020-5\老张的哲学  Blog.Core\Blog.Core\Blog.Core.Repository\BASE\BaseRepository.cs:line 433
   at Blog.Core.Services.BASE.BaseServices`1.QueryPage(Expression`1 whereExpression, Int32 intPageIndex, Int32 intPageSize, String strOrderByFileds) in G:\项目源码\2020-5\老张的哲学  Blog.Core\Blog.Core\Blog.Core.Services\BASE\BaseServices.cs:line 296
   at Blog.Core.Controllers.SysRoleController.FindPage(RoleDto dto)
   at lambda_method(Closure , Object )
   at Microsoft.Extensions.Internal.ObjectMethodExecutorAwaitable.Awaiter.GetResult()
   at Microsoft.AspNetCore.Mvc.Infrastructure.ActionMethodExecutor.AwaitableObjectResultExecutor.Execute(IActionResultTypeMapper mapper, ObjectMethodExecutor executor, Object controller, Object[] arguments)
   at Microsoft.AspNetCore.Mvc.Infrastructure.ControllerActionInvoker.<InvokeActionMethodAsync>g__Logged|12_1(ControllerActionInvoker invoker)
   at Microsoft.AspNetCore.Mvc.Infrastructure.ControllerActionInvoker.<InvokeNextActionFilterAsync>g__Awaited|10_0(ControllerActionInvoker invoker, Task lastTask, State next, Scope scope, Object state, Boolean isCompleted)
   at Microsoft.AspNetCore.Mvc.Infrastructure.ControllerActionInvoker.Rethrow(ActionExecutedContextSealed context)
   at Microsoft.AspNetCore.Mvc.Infrastructure.ControllerActionInvoker.Next(State& next, Scope& scope, Object& state, Boolean& isCompleted)
   at Microsoft.AspNetCore.Mvc.Infrastructure.ControllerActionInvoker.<InvokeInnerFilterAsync>g__Awaited|13_0(ControllerActionInvoker invoker, Task lastTask, State next, Scope scope, Object state, Boolean isCompleted)
   at Microsoft.AspNetCore.Mvc.Infrastructure.ResourceInvoker.<InvokeNextExceptionFilterAsync>g__Awaited|25_0(ResourceInvoker invoker, Task lastTask, State next, Scope scope, Object state, Boolean isCompleted)
--------------------------------
2020-07-25 22:05:47,179| ERROR 
Attempted to divide by zero.
【自定义错误】：Attempted to divide by zero. 
【异常类型】：DivideByZeroException 
【异常信息】：Attempted to divide by zero. 
【堆栈调用】：   at System.Decimal.DecCalc.VarDecDiv(DecCalc& d1, DecCalc& d2)
   at System.Decimal.op_Division(Decimal d1, Decimal d2)
   at Blog.Core.Repository.Base.BaseRepository`1.QueryPage(Expression`1 whereExpression, Int32 intPageIndex, Int32 intPageSize, String strOrderByFileds) in G:\项目源码\2020-5\老张的哲学  Blog.Core\Blog.Core\Blog.Core.Repository\BASE\BaseRepository.cs:line 433
   at Blog.Core.Services.BASE.BaseServices`1.QueryPage(Expression`1 whereExpression, Int32 intPageIndex, Int32 intPageSize, String strOrderByFileds) in G:\项目源码\2020-5\老张的哲学  Blog.Core\Blog.Core\Blog.Core.Services\BASE\BaseServices.cs:line 296
   at Blog.Core.Controllers.SysRoleController.FindPage(RoleDto dto)
   at lambda_method(Closure , Object )
   at Microsoft.Extensions.Internal.ObjectMethodExecutorAwaitable.Awaiter.GetResult()
   at Microsoft.AspNetCore.Mvc.Infrastructure.ActionMethodExecutor.AwaitableObjectResultExecutor.Execute(IActionResultTypeMapper mapper, ObjectMethodExecutor executor, Object controller, Object[] arguments)
   at Microsoft.AspNetCore.Mvc.Infrastructure.ControllerActionInvoker.<InvokeActionMethodAsync>g__Logged|12_1(ControllerActionInvoker invoker)
   at Microsoft.AspNetCore.Mvc.Infrastructure.ControllerActionInvoker.<InvokeNextActionFilterAsync>g__Awaited|10_0(ControllerActionInvoker invoker, Task lastTask, State next, Scope scope, Object state, Boolean isCompleted)
   at Microsoft.AspNetCore.Mvc.Infrastructure.ControllerActionInvoker.Rethrow(ActionExecutedContextSealed context)
   at Microsoft.AspNetCore.Mvc.Infrastructure.ControllerActionInvoker.Next(State& next, Scope& scope, Object& state, Boolean& isCompleted)
   at Microsoft.AspNetCore.Mvc.Infrastructure.ControllerActionInvoker.<InvokeInnerFilterAsync>g__Awaited|13_0(ControllerActionInvoker invoker, Task lastTask, State next, Scope scope, Object state, Boolean isCompleted)
   at Microsoft.AspNetCore.Mvc.Infrastructure.ResourceInvoker.<InvokeNextExceptionFilterAsync>g__Awaited|25_0(ResourceInvoker invoker, Task lastTask, State next, Scope scope, Object state, Boolean isCompleted)
--------------------------------
2020-07-25 22:06:33,402| ERROR 
Attempted to divide by zero.
【自定义错误】：Attempted to divide by zero. 
【异常类型】：DivideByZeroException 
【异常信息】：Attempted to divide by zero. 
【堆栈调用】：   at System.Decimal.DecCalc.VarDecDiv(DecCalc& d1, DecCalc& d2)
   at System.Decimal.op_Division(Decimal d1, Decimal d2)
   at Blog.Core.Repository.Base.BaseRepository`1.QueryPage(Expression`1 whereExpression, Int32 intPageIndex, Int32 intPageSize, String strOrderByFileds) in G:\项目源码\2020-5\老张的哲学  Blog.Core\Blog.Core\Blog.Core.Repository\BASE\BaseRepository.cs:line 433
   at Blog.Core.Services.BASE.BaseServices`1.QueryPage(Expression`1 whereExpression, Int32 intPageIndex, Int32 intPageSize, String strOrderByFileds) in G:\项目源码\2020-5\老张的哲学  Blog.Core\Blog.Core\Blog.Core.Services\BASE\BaseServices.cs:line 296
   at Blog.Core.Controllers.SysRoleController.FindPage(RoleDto dto)
   at lambda_method(Closure , Object )
   at Microsoft.Extensions.Internal.ObjectMethodExecutorAwaitable.Awaiter.GetResult()
   at Microsoft.AspNetCore.Mvc.Infrastructure.ActionMethodExecutor.AwaitableObjectResultExecutor.Execute(IActionResultTypeMapper mapper, ObjectMethodExecutor executor, Object controller, Object[] arguments)
   at Microsoft.AspNetCore.Mvc.Infrastructure.ControllerActionInvoker.<InvokeActionMethodAsync>g__Logged|12_1(ControllerActionInvoker invoker)
   at Microsoft.AspNetCore.Mvc.Infrastructure.ControllerActionInvoker.<InvokeNextActionFilterAsync>g__Awaited|10_0(ControllerActionInvoker invoker, Task lastTask, State next, Scope scope, Object state, Boolean isCompleted)
   at Microsoft.AspNetCore.Mvc.Infrastructure.ControllerActionInvoker.Rethrow(ActionExecutedContextSealed context)
   at Microsoft.AspNetCore.Mvc.Infrastructure.ControllerActionInvoker.Next(State& next, Scope& scope, Object& state, Boolean& isCompleted)
   at Microsoft.AspNetCore.Mvc.Infrastructure.ControllerActionInvoker.<InvokeInnerFilterAsync>g__Awaited|13_0(ControllerActionInvoker invoker, Task lastTask, State next, Scope scope, Object state, Boolean isCompleted)
   at Microsoft.AspNetCore.Mvc.Infrastructure.ResourceInvoker.<InvokeNextExceptionFilterAsync>g__Awaited|25_0(ResourceInvoker invoker, Task lastTask, State next, Scope scope, Object state, Boolean isCompleted)
--------------------------------
2020-07-25 22:08:31,411| ERROR 
Attempted to divide by zero.
【自定义错误】：Attempted to divide by zero. 
【异常类型】：DivideByZeroException 
【异常信息】：Attempted to divide by zero. 
【堆栈调用】：   at System.Decimal.DecCalc.VarDecDiv(DecCalc& d1, DecCalc& d2)
   at System.Decimal.op_Division(Decimal d1, Decimal d2)
   at Blog.Core.Repository.Base.BaseRepository`1.QueryPage(Expression`1 whereExpression, Int32 intPageIndex, Int32 intPageSize, String strOrderByFileds) in G:\项目源码\2020-5\老张的哲学  Blog.Core\Blog.Core\Blog.Core.Repository\BASE\BaseRepository.cs:line 433
   at Blog.Core.Services.BASE.BaseServices`1.QueryPage(Expression`1 whereExpression, Int32 intPageIndex, Int32 intPageSize, String strOrderByFileds) in G:\项目源码\2020-5\老张的哲学  Blog.Core\Blog.Core\Blog.Core.Services\BASE\BaseServices.cs:line 296
   at Blog.Core.Controllers.SysRoleController.FindPage(RoleDto dto)
   at lambda_method(Closure , Object )
   at Microsoft.Extensions.Internal.ObjectMethodExecutorAwaitable.Awaiter.GetResult()
   at Microsoft.AspNetCore.Mvc.Infrastructure.ActionMethodExecutor.AwaitableObjectResultExecutor.Execute(IActionResultTypeMapper mapper, ObjectMethodExecutor executor, Object controller, Object[] arguments)
   at Microsoft.AspNetCore.Mvc.Infrastructure.ControllerActionInvoker.<InvokeActionMethodAsync>g__Logged|12_1(ControllerActionInvoker invoker)
   at Microsoft.AspNetCore.Mvc.Infrastructure.ControllerActionInvoker.<InvokeNextActionFilterAsync>g__Awaited|10_0(ControllerActionInvoker invoker, Task lastTask, State next, Scope scope, Object state, Boolean isCompleted)
   at Microsoft.AspNetCore.Mvc.Infrastructure.ControllerActionInvoker.Rethrow(ActionExecutedContextSealed context)
   at Microsoft.AspNetCore.Mvc.Infrastructure.ControllerActionInvoker.Next(State& next, Scope& scope, Object& state, Boolean& isCompleted)
   at Microsoft.AspNetCore.Mvc.Infrastructure.ControllerActionInvoker.<InvokeInnerFilterAsync>g__Awaited|13_0(ControllerActionInvoker invoker, Task lastTask, State next, Scope scope, Object state, Boolean isCompleted)
   at Microsoft.AspNetCore.Mvc.Infrastructure.ResourceInvoker.<InvokeNextExceptionFilterAsync>g__Awaited|25_0(ResourceInvoker invoker, Task lastTask, State next, Scope scope, Object state, Boolean isCompleted)
--------------------------------
2020-07-25 22:09:51,584| ERROR 
Attempted to divide by zero.
【自定义错误】：Attempted to divide by zero. 
【异常类型】：DivideByZeroException 
【异常信息】：Attempted to divide by zero. 
【堆栈调用】：   at System.Decimal.DecCalc.VarDecDiv(DecCalc& d1, DecCalc& d2)
   at System.Decimal.op_Division(Decimal d1, Decimal d2)
   at Blog.Core.Repository.Base.BaseRepository`1.QueryPage(Expression`1 whereExpression, Int32 intPageIndex, Int32 intPageSize, String strOrderByFileds) in G:\项目源码\2020-5\老张的哲学  Blog.Core\Blog.Core\Blog.Core.Repository\BASE\BaseRepository.cs:line 433
   at Blog.Core.Services.BASE.BaseServices`1.QueryPage(Expression`1 whereExpression, Int32 intPageIndex, Int32 intPageSize, String strOrderByFileds) in G:\项目源码\2020-5\老张的哲学  Blog.Core\Blog.Core\Blog.Core.Services\BASE\BaseServices.cs:line 296
   at Blog.Core.Controllers.SysRoleController.FindPage(RoleDto dto)
   at lambda_method(Closure , Object )
   at Microsoft.Extensions.Internal.ObjectMethodExecutorAwaitable.Awaiter.GetResult()
   at Microsoft.AspNetCore.Mvc.Infrastructure.ActionMethodExecutor.AwaitableObjectResultExecutor.Execute(IActionResultTypeMapper mapper, ObjectMethodExecutor executor, Object controller, Object[] arguments)
   at Microsoft.AspNetCore.Mvc.Infrastructure.ControllerActionInvoker.<InvokeActionMethodAsync>g__Logged|12_1(ControllerActionInvoker invoker)
   at Microsoft.AspNetCore.Mvc.Infrastructure.ControllerActionInvoker.<InvokeNextActionFilterAsync>g__Awaited|10_0(ControllerActionInvoker invoker, Task lastTask, State next, Scope scope, Object state, Boolean isCompleted)
   at Microsoft.AspNetCore.Mvc.Infrastructure.ControllerActionInvoker.Rethrow(ActionExecutedContextSealed context)
   at Microsoft.AspNetCore.Mvc.Infrastructure.ControllerActionInvoker.Next(State& next, Scope& scope, Object& state, Boolean& isCompleted)
   at Microsoft.AspNetCore.Mvc.Infrastructure.ControllerActionInvoker.<InvokeInnerFilterAsync>g__Awaited|13_0(ControllerActionInvoker invoker, Task lastTask, State next, Scope scope, Object state, Boolean isCompleted)
   at Microsoft.AspNetCore.Mvc.Infrastructure.ResourceInvoker.<InvokeNextExceptionFilterAsync>g__Awaited|25_0(ResourceInvoker invoker, Task lastTask, State next, Scope scope, Object state, Boolean isCompleted)
--------------------------------
2020-07-25 22:09:51,586| ERROR 
Attempted to divide by zero.
【自定义错误】：Attempted to divide by zero. 
【异常类型】：DivideByZeroException 
【异常信息】：Attempted to divide by zero. 
【堆栈调用】：   at System.Decimal.DecCalc.VarDecDiv(DecCalc& d1, DecCalc& d2)
   at System.Decimal.op_Division(Decimal d1, Decimal d2)
   at Blog.Core.Repository.Base.BaseRepository`1.QueryPage(Expression`1 whereExpression, Int32 intPageIndex, Int32 intPageSize, String strOrderByFileds) in G:\项目源码\2020-5\老张的哲学  Blog.Core\Blog.Core\Blog.Core.Repository\BASE\BaseRepository.cs:line 433
   at Blog.Core.Services.BASE.BaseServices`1.QueryPage(Expression`1 whereExpression, Int32 intPageIndex, Int32 intPageSize, String strOrderByFileds) in G:\项目源码\2020-5\老张的哲学  Blog.Core\Blog.Core\Blog.Core.Services\BASE\BaseServices.cs:line 296
   at Blog.Core.Controllers.SysRoleController.FindPage(RoleDto dto)
   at lambda_method(Closure , Object )
   at Microsoft.Extensions.Internal.ObjectMethodExecutorAwaitable.Awaiter.GetResult()
   at Microsoft.AspNetCore.Mvc.Infrastructure.ActionMethodExecutor.AwaitableObjectResultExecutor.Execute(IActionResultTypeMapper mapper, ObjectMethodExecutor executor, Object controller, Object[] arguments)
   at Microsoft.AspNetCore.Mvc.Infrastructure.ControllerActionInvoker.<InvokeActionMethodAsync>g__Logged|12_1(ControllerActionInvoker invoker)
   at Microsoft.AspNetCore.Mvc.Infrastructure.ControllerActionInvoker.<InvokeNextActionFilterAsync>g__Awaited|10_0(ControllerActionInvoker invoker, Task lastTask, State next, Scope scope, Object state, Boolean isCompleted)
   at Microsoft.AspNetCore.Mvc.Infrastructure.ControllerActionInvoker.Rethrow(ActionExecutedContextSealed context)
   at Microsoft.AspNetCore.Mvc.Infrastructure.ControllerActionInvoker.Next(State& next, Scope& scope, Object& state, Boolean& isCompleted)
   at Microsoft.AspNetCore.Mvc.Infrastructure.ControllerActionInvoker.<InvokeInnerFilterAsync>g__Awaited|13_0(ControllerActionInvoker invoker, Task lastTask, State next, Scope scope, Object state, Boolean isCompleted)
   at Microsoft.AspNetCore.Mvc.Infrastructure.ResourceInvoker.<InvokeNextExceptionFilterAsync>g__Awaited|25_0(ResourceInvoker invoker, Task lastTask, State next, Scope scope, Object state, Boolean isCompleted)
--------------------------------
2020-07-25 22:10:33,377| ERROR 
Attempted to divide by zero.
【自定义错误】：Attempted to divide by zero. 
【异常类型】：DivideByZeroException 
【异常信息】：Attempted to divide by zero. 
【堆栈调用】：   at System.Decimal.DecCalc.VarDecDiv(DecCalc& d1, DecCalc& d2)
   at System.Decimal.op_Division(Decimal d1, Decimal d2)
   at Blog.Core.Repository.Base.BaseRepository`1.QueryPage(Expression`1 whereExpression, Int32 intPageIndex, Int32 intPageSize, String strOrderByFileds) in G:\项目源码\2020-5\老张的哲学  Blog.Core\Blog.Core\Blog.Core.Repository\BASE\BaseRepository.cs:line 433
   at Blog.Core.Services.BASE.BaseServices`1.QueryPage(Expression`1 whereExpression, Int32 intPageIndex, Int32 intPageSize, String strOrderByFileds) in G:\项目源码\2020-5\老张的哲学  Blog.Core\Blog.Core\Blog.Core.Services\BASE\BaseServices.cs:line 296
   at Blog.Core.Controllers.SysRoleController.FindPage(RoleDto dto)
   at lambda_method(Closure , Object )
   at Microsoft.Extensions.Internal.ObjectMethodExecutorAwaitable.Awaiter.GetResult()
   at Microsoft.AspNetCore.Mvc.Infrastructure.ActionMethodExecutor.AwaitableObjectResultExecutor.Execute(IActionResultTypeMapper mapper, ObjectMethodExecutor executor, Object controller, Object[] arguments)
   at Microsoft.AspNetCore.Mvc.Infrastructure.ControllerActionInvoker.<InvokeActionMethodAsync>g__Logged|12_1(ControllerActionInvoker invoker)
   at Microsoft.AspNetCore.Mvc.Infrastructure.ControllerActionInvoker.<InvokeNextActionFilterAsync>g__Awaited|10_0(ControllerActionInvoker invoker, Task lastTask, State next, Scope scope, Object state, Boolean isCompleted)
   at Microsoft.AspNetCore.Mvc.Infrastructure.ControllerActionInvoker.Rethrow(ActionExecutedContextSealed context)
   at Microsoft.AspNetCore.Mvc.Infrastructure.ControllerActionInvoker.Next(State& next, Scope& scope, Object& state, Boolean& isCompleted)
   at Microsoft.AspNetCore.Mvc.Infrastructure.ControllerActionInvoker.<InvokeInnerFilterAsync>g__Awaited|13_0(ControllerActionInvoker invoker, Task lastTask, State next, Scope scope, Object state, Boolean isCompleted)
   at Microsoft.AspNetCore.Mvc.Infrastructure.ResourceInvoker.<InvokeNextExceptionFilterAsync>g__Awaited|25_0(ResourceInvoker invoker, Task lastTask, State next, Scope scope, Object state, Boolean isCompleted)
--------------------------------
