2020-07-19 10:19:37,519| ERROR 
Error occured seeding the Database.
One or more errors occurred. (1、如果使用的是Mysql，生成的数据库字段字符集可能不是utf8的，手动修改下，或者尝试方案：删掉数据库，在连接字符串后加上CharSet=UTF8mb4，重新生成数据库. 
 2、其他错误：There was an error deserializing the object of type System.Collections.Generic.List`1[[Blog.Core.Model.Models.SysCode, Blog.Core.Model, Version=1.0.0.0, Culture=neutral, PublicKeyToken=null]]. Encountered unexpected character '?'.)
--------------------------------
2020-07-19 10:21:17,398| ERROR 
Error occured seeding the Database.
One or more errors occurred. (1、如果使用的是Mysql，生成的数据库字段字符集可能不是utf8的，手动修改下，或者尝试方案：删掉数据库，在连接字符串后加上CharSet=UTF8mb4，重新生成数据库. 
 2、其他错误：There was an error deserializing the object of type System.Collections.Generic.List`1[[Blog.Core.Model.Models.SysCode, Blog.Core.Model, Version=1.0.0.0, Culture=neutral, PublicKeyToken=null]]. Encountered unexpected character '?'.)
--------------------------------
2020-07-19 10:24:13,667| ERROR 
Error occured seeding the Database.
One or more errors occurred. (1、如果使用的是Mysql，生成的数据库字段字符集可能不是utf8的，手动修改下，或者尝试方案：删掉数据库，在连接字符串后加上CharSet=UTF8mb4，重新生成数据库. 
 2、其他错误：English Message : Connection open error . Keyword not supported: 'charset'.
Chinese Message :  连接数据库过程中发生错误，检查服务器是否正常连接字符串是否正确，实在找不到原因请先Google错误信息：Keyword not supported: 'charset'..)
--------------------------------
2020-07-19 10:25:45,873| ERROR 
Error occured seeding the Database.
One or more errors occurred. (1、如果使用的是Mysql，生成的数据库字段字符集可能不是utf8的，手动修改下，或者尝试方案：删掉数据库，在连接字符串后加上CharSet=UTF8mb4，重新生成数据库. 
 2、其他错误：There was an error deserializing the object of type System.Collections.Generic.List`1[[Blog.Core.Model.Models.SysCode, Blog.Core.Model, Version=1.0.0.0, Culture=neutral, PublicKeyToken=null]]. Encountered unexpected character '?'.)
--------------------------------
2020-07-19 10:27:02,144| ERROR 
Error occured seeding the Database.
One or more errors occurred. (1、如果使用的是Mysql，生成的数据库字段字符集可能不是utf8的，手动修改下，或者尝试方案：删掉数据库，在连接字符串后加上CharSet=UTF8mb4，重新生成数据库. 
 2、其他错误：There was an error deserializing the object of type System.Collections.Generic.List`1[[Blog.Core.Model.Models.SysCode, Blog.Core.Model, Version=1.0.0.0, Culture=neutral, PublicKeyToken=null]]. Encountered unexpected character '?'.)
--------------------------------
2020-07-19 10:34:28,517| ERROR 
Error occured seeding the Database.
One or more errors occurred. (1、如果使用的是Mysql，生成的数据库字段字符集可能不是utf8的，手动修改下，或者尝试方案：删掉数据库，在连接字符串后加上CharSet=UTF8mb4，重新生成数据库. 
 2、其他错误：There was an error deserializing the object of type System.Collections.Generic.List`1[[Blog.Core.Model.Models.SysCode, Blog.Core.Model, Version=1.0.0.0, Culture=neutral, PublicKeyToken=null]]. Encountered unexpected character '?'.)
--------------------------------
2020-07-19 21:31:31,905| ERROR 
An unhandled exception has occurred while executing the request.
--------------------------------
System.NotSupportedException: Conflicting method/path combination "GET user" for actions - Blog.Core.Controllers.UserController.Get (Blog.Core.Api),Blog.Core.Controllers.UserController.GetInfoByToken (Blog.Core.Api). Actions require a unique method/path combination for Swagger/OpenAPI 3.0. Use ConflictingActionsResolver as a workaround
   at Swashbuckle.AspNetCore.SwaggerGen.SwaggerGenerator.GenerateOperations(IEnumerable`1 apiDescriptions, SchemaRepository schemaRepository)
   at Swashbuckle.AspNetCore.SwaggerGen.SwaggerGenerator.GeneratePaths(IEnumerable`1 apiDescriptions, SchemaRepository schemaRepository)
   at Swashbuckle.AspNetCore.SwaggerGen.SwaggerGenerator.GetSwagger(String documentName, String host, String basePath)
   at Swashbuckle.AspNetCore.Swagger.SwaggerMiddleware.Invoke(HttpContext httpContext, ISwaggerProvider swaggerProvider)
   at Microsoft.AspNetCore.Diagnostics.DeveloperExceptionPageMiddleware.Invoke(HttpContext context)
2020-07-19 21:33:15,091| ERROR 
An unhandled exception has occurred while executing the request.
--------------------------------
System.NotSupportedException: Conflicting method/path combination "GET user" for actions - Blog.Core.Controllers.UserController.Get (Blog.Core.Api),Blog.Core.Controllers.UserController.GetInfoByToken (Blog.Core.Api). Actions require a unique method/path combination for Swagger/OpenAPI 3.0. Use ConflictingActionsResolver as a workaround
   at Swashbuckle.AspNetCore.SwaggerGen.SwaggerGenerator.GenerateOperations(IEnumerable`1 apiDescriptions, SchemaRepository schemaRepository)
   at Swashbuckle.AspNetCore.SwaggerGen.SwaggerGenerator.GeneratePaths(IEnumerable`1 apiDescriptions, SchemaRepository schemaRepository)
   at Swashbuckle.AspNetCore.SwaggerGen.SwaggerGenerator.GetSwagger(String documentName, String host, String basePath)
   at Swashbuckle.AspNetCore.Swagger.SwaggerMiddleware.Invoke(HttpContext httpContext, ISwaggerProvider swaggerProvider)
   at Microsoft.AspNetCore.Diagnostics.DeveloperExceptionPageMiddleware.Invoke(HttpContext context)
2020-07-19 21:37:36,004| ERROR 
An unhandled exception has occurred while executing the request.
--------------------------------
System.NotSupportedException: Conflicting method/path combination "GET user" for actions - Blog.Core.Controllers.UserController.Get (Blog.Core.Api),Blog.Core.Controllers.UserController.GetInfoByToken (Blog.Core.Api). Actions require a unique method/path combination for Swagger/OpenAPI 3.0. Use ConflictingActionsResolver as a workaround
   at Swashbuckle.AspNetCore.SwaggerGen.SwaggerGenerator.GenerateOperations(IEnumerable`1 apiDescriptions, SchemaRepository schemaRepository)
   at Swashbuckle.AspNetCore.SwaggerGen.SwaggerGenerator.GeneratePaths(IEnumerable`1 apiDescriptions, SchemaRepository schemaRepository)
   at Swashbuckle.AspNetCore.SwaggerGen.SwaggerGenerator.GetSwagger(String documentName, String host, String basePath)
   at Swashbuckle.AspNetCore.Swagger.SwaggerMiddleware.Invoke(HttpContext httpContext, ISwaggerProvider swaggerProvider)
   at Microsoft.AspNetCore.Diagnostics.DeveloperExceptionPageMiddleware.Invoke(HttpContext context)
2020-07-19 21:55:41,753| ERROR 
An unhandled exception has occurred while executing the request.
--------------------------------
System.NotSupportedException: Conflicting method/path combination "GET user" for actions - Blog.Core.Controllers.UserController.Get (Blog.Core.Api),Blog.Core.Controllers.UserController.GetInfoByToken (Blog.Core.Api). Actions require a unique method/path combination for Swagger/OpenAPI 3.0. Use ConflictingActionsResolver as a workaround
   at Swashbuckle.AspNetCore.SwaggerGen.SwaggerGenerator.GenerateOperations(IEnumerable`1 apiDescriptions, SchemaRepository schemaRepository)
   at Swashbuckle.AspNetCore.SwaggerGen.SwaggerGenerator.GeneratePaths(IEnumerable`1 apiDescriptions, SchemaRepository schemaRepository)
   at Swashbuckle.AspNetCore.SwaggerGen.SwaggerGenerator.GetSwagger(String documentName, String host, String basePath)
   at Swashbuckle.AspNetCore.Swagger.SwaggerMiddleware.Invoke(HttpContext httpContext, ISwaggerProvider swaggerProvider)
   at Microsoft.AspNetCore.Diagnostics.DeveloperExceptionPageMiddleware.Invoke(HttpContext context)
